Determining if the pthread_create exist failed with the following output:
Change Dir: /home/alexandre/Github/ROS/catkin_ws/build/CMakeFiles/CMakeTmp

Run Build Command:"/usr/bin/make" "cmTC_647fd/fast"
/usr/bin/make -f CMakeFiles/cmTC_647fd.dir/build.make CMakeFiles/cmTC_647fd.dir/build
make[1]: Entering directory '/home/alexandre/Github/ROS/catkin_ws/build/CMakeFiles/CMakeTmp'
Building C object CMakeFiles/cmTC_647fd.dir/CheckSymbolExists.c.o
/usr/bin/cc    -o CMakeFiles/cmTC_647fd.dir/CheckSymbolExists.c.o   -c /home/alexandre/Github/ROS/catkin_ws/build/CMakeFiles/CMakeTmp/CheckSymbolExists.c
Linking C executable cmTC_647fd
/usr/bin/cmake -E cmake_link_script CMakeFiles/cmTC_647fd.dir/link.txt --verbose=1
/usr/bin/cc      -rdynamic CMakeFiles/cmTC_647fd.dir/CheckSymbolExists.c.o  -o cmTC_647fd 
CMakeFiles/cmTC_647fd.dir/CheckSymbolExists.c.o: In function `main':
CheckSymbolExists.c:(.text+0x1b): undefined reference to `pthread_create'
collect2: error: ld returned 1 exit status
CMakeFiles/cmTC_647fd.dir/build.make:97: recipe for target 'cmTC_647fd' failed
make[1]: *** [cmTC_647fd] Error 1
make[1]: Leaving directory '/home/alexandre/Github/ROS/catkin_ws/build/CMakeFiles/CMakeTmp'
Makefile:126: recipe for target 'cmTC_647fd/fast' failed
make: *** [cmTC_647fd/fast] Error 2

File /home/alexandre/Github/ROS/catkin_ws/build/CMakeFiles/CMakeTmp/CheckSymbolExists.c:
/* */
#include <pthread.h>

int main(int argc, char** argv)
{
  (void)argv;
#ifndef pthread_create
  return ((int*)(&pthread_create))[argc];
#else
  (void)argc;
  return 0;
#endif
}

Determining if the function pthread_create exists in the pthreads failed with the following output:
Change Dir: /home/alexandre/Github/ROS/catkin_ws/build/CMakeFiles/CMakeTmp

Run Build Command:"/usr/bin/make" "cmTC_e9098/fast"
/usr/bin/make -f CMakeFiles/cmTC_e9098.dir/build.make CMakeFiles/cmTC_e9098.dir/build
make[1]: Entering directory '/home/alexandre/Github/ROS/catkin_ws/build/CMakeFiles/CMakeTmp'
Building C object CMakeFiles/cmTC_e9098.dir/CheckFunctionExists.c.o
/usr/bin/cc   -DCHECK_FUNCTION_EXISTS=pthread_create   -o CMakeFiles/cmTC_e9098.dir/CheckFunctionExists.c.o   -c /usr/share/cmake-3.10/Modules/CheckFunctionExists.c
Linking C executable cmTC_e9098
/usr/bin/cmake -E cmake_link_script CMakeFiles/cmTC_e9098.dir/link.txt --verbose=1
/usr/bin/cc  -DCHECK_FUNCTION_EXISTS=pthread_create    -rdynamic CMakeFiles/cmTC_e9098.dir/CheckFunctionExists.c.o  -o cmTC_e9098 -lpthreads 
/usr/bin/ld: cannot find -lpthreads
collect2: error: ld returned 1 exit status
CMakeFiles/cmTC_e9098.dir/build.make:97: recipe for target 'cmTC_e9098' failed
make[1]: *** [cmTC_e9098] Error 1
make[1]: Leaving directory '/home/alexandre/Github/ROS/catkin_ws/build/CMakeFiles/CMakeTmp'
Makefile:126: recipe for target 'cmTC_e9098/fast' failed
make: *** [cmTC_e9098/fast] Error 2


